<?xml version="1.0" encoding="UTF-8"?>
<!-- Generated by org.testng.reporters.JUnitReportReporter -->
<testsuite hostname="aj-pc" failures="0" tests="1" name="Intime_testcase.intime_baseclass" time="10.539" errors="0" timestamp="2022-11-25T12:34:44 IST" skipped="0">
  <testcase classname="Intime_testcase.intime_baseclass" name="Launchmanager" time="10.539"/>
  <system-out/>
</testsuite> <!-- Intime_testcase.intime_baseclass -->
