<?xml version="1.0" encoding="UTF-8"?>
<!-- Generated by org.testng.reporters.JUnitReportReporter -->
<testsuite hostname="aj-pc" failures="0" tests="1" name="Intime_testcase.check_intime" time="10.945" errors="0" timestamp="2022-11-29T06:50:38 IST" skipped="0">
  <testcase classname="Intime_testcase.check_intime" name="check_office_intime" time="10.945"/>
  <system-out/>
</testsuite> <!-- Intime_testcase.check_intime -->
